<?xml version="1.0" encoding="UTF-8"?>
<!-- Generated by org.testng.reporters.JUnitXMLReporter -->
<testsuite ignored="0" hostname="DESKTOP-QQJINFP" failures="0" tests="5" name="Test" time="8.749" errors="0" timestamp="2023-01-06T09:15:31 ART">
  <testcase classname="pruebas.Clase8Test" name="login" time="1.882"/>
  <testcase classname="pruebas.Clase8Test" name="login" time="1.497"/>
  <testcase classname="pruebas.Clase8Test" name="login" time="1.534"/>
  <testcase classname="pruebas.Clase8Test" name="login" time="1.514"/>
  <testcase classname="pruebas.Clase8Test" name="login" time="1.566"/>
</testsuite> <!-- Test -->
