<?xml version="1.0" encoding="UTF-8"?>
<testng-results ignored="0" total="1" passed="0" failed="1" skipped="0">
  <reporter-output>
  </reporter-output>
  <suite started-at="2023-01-11T09:19:49 ART" name="Default suite" finished-at="2023-01-11T09:20:19 ART" duration-ms="30505">
    <groups>
    </groups>
    <test started-at="2023-01-11T09:19:49 ART" name="Default test" finished-at="2023-01-11T09:20:19 ART" duration-ms="30505">
      <class name="Edit.EducacionIT_60413.ScrollScreenshot">
        <test-method signature="scrollScreenshotTest()[pri:0, instance:Edit.EducacionIT_60413.ScrollScreenshot@53aac487]" started-at="2023-01-11T09:19:49 ART" name="scrollScreenshotTest" finished-at="2023-01-11T09:20:19 ART" duration-ms="30472" status="FAIL">
          <exception class="javax.imageio.IIOException">
            <message>
              <![CDATA[Can't create an ImageOutputStream!]]>
            </message>
            <full-stacktrace>
              <![CDATA[javax.imageio.IIOException: Can't create an ImageOutputStream!
at java.desktop/javax.imageio.ImageIO.write(ImageIO.java:1553)
at Edit.EducacionIT_60413.ScrollScreenshot.scrollScreenshotTest(ScrollScreenshot.java:26)
at java.base/jdk.internal.reflect.NativeMethodAccessorImpl.invoke0(Native Method)
at java.base/jdk.internal.reflect.NativeMethodAccessorImpl.invoke(NativeMethodAccessorImpl.java:77)
at java.base/jdk.internal.reflect.DelegatingMethodAccessorImpl.invoke(DelegatingMethodAccessorImpl.java:43)
at java.base/java.lang.reflect.Method.invoke(Method.java:568)
at org.testng.internal.invokers.MethodInvocationHelper.invokeMethod(MethodInvocationHelper.java:139)
at org.testng.internal.invokers.TestInvoker.invokeMethod(TestInvoker.java:677)
at org.testng.internal.invokers.TestInvoker.invokeTestMethod(TestInvoker.java:221)
at org.testng.internal.invokers.MethodRunner.runInSequence(MethodRunner.java:50)
at org.testng.internal.invokers.TestInvoker$MethodInvocationAgent.invoke(TestInvoker.java:969)
at org.testng.internal.invokers.TestInvoker.invokeTestMethods(TestInvoker.java:194)
at org.testng.internal.invokers.TestMethodWorker.invokeTestMethods(TestMethodWorker.java:148)
at org.testng.internal.invokers.TestMethodWorker.run(TestMethodWorker.java:128)
at java.base/java.util.ArrayList.forEach(ArrayList.java:1511)
at org.testng.TestRunner.privateRun(TestRunner.java:829)
at org.testng.TestRunner.run(TestRunner.java:602)
at org.testng.SuiteRunner.runTest(SuiteRunner.java:437)
at org.testng.SuiteRunner.runSequentially(SuiteRunner.java:431)
at org.testng.SuiteRunner.privateRun(SuiteRunner.java:391)
at org.testng.SuiteRunner.run(SuiteRunner.java:330)
at org.testng.SuiteRunnerWorker.runSuite(SuiteRunnerWorker.java:52)
at org.testng.SuiteRunnerWorker.run(SuiteRunnerWorker.java:95)
at org.testng.TestNG.runSuitesSequentially(TestNG.java:1256)
at org.testng.TestNG.runSuitesLocally(TestNG.java:1176)
at org.testng.TestNG.runSuites(TestNG.java:1099)
at org.testng.TestNG.run(TestNG.java:1067)
at org.testng.remote.AbstractRemoteTestNG.run(AbstractRemoteTestNG.java:115)
at org.testng.remote.RemoteTestNG.initAndRun(RemoteTestNG.java:251)
at org.testng.remote.RemoteTestNG.main(RemoteTestNG.java:77)
]]>
            </full-stacktrace>
          </exception> <!-- javax.imageio.IIOException -->
          <reporter-output>
          </reporter-output>
        </test-method> <!-- scrollScreenshotTest -->
      </class> <!-- Edit.EducacionIT_60413.ScrollScreenshot -->
    </test> <!-- Default test -->
  </suite> <!-- Default suite -->
</testng-results>
